Using pre-set license
Built from '2020.2/staging' branch; Version is '2020.2.7f1 (c53830e277f1) revision 12924976'; Using compiler version '192528614'; Build Type 'Release'
OS: 'Windows 10 Home Single Language; OS build 19042.985; Version 2009; 64bit' Language: 'en' Physical Memory: 7977 MB
BatchMode: 1, IsHumanControllingUs: 0, StartBugReporterOnCrash: 0, Is64bit: 1, IsPro: 0

 COMMAND LINE ARGUMENTS:
C:\Program Files\Unity\Hub\Editor\2020.2.7f1\Editor\Unity.exe
-adb2
-batchMode
-noUpm
-name
AssetImportWorker0
-projectPath
C:/Users/lokesh/SolarSystem
-logFile
Logs/AssetImportWorker0.log
-srvPort
54122
Successfully changed project path to: C:/Users/lokesh/SolarSystem
C:/Users/lokesh/SolarSystem
Using Asset Import Pipeline V2.
Refreshing native plugins compatible for Editor in 23.97 ms, found 0 plugins.
Preloading 0 native plugins for Editor in 0.00 ms.
Initialize engine version: 2020.2.7f1 (c53830e277f1)
[Subsystems] Discovering subsystems at path C:/Program Files/Unity/Hub/Editor/2020.2.7f1/Editor/Data/Resources/UnitySubsystems
[Subsystems] Discovering subsystems at path C:/Users/lokesh/SolarSystem/Assets
GfxDevice: creating device client; threaded=0
Direct3D:
    Version:  Direct3D 11.0 [level 11.1]
    Renderer: Intel(R) UHD Graphics (ID=0x9b41)
    Vendor:   
    VRAM:     3988 MB
    Driver:   26.20.100.7926
Initialize mono
Mono path[0] = 'C:/Program Files/Unity/Hub/Editor/2020.2.7f1/Editor/Data/Managed'
Mono path[1] = 'C:/Program Files/Unity/Hub/Editor/2020.2.7f1/Editor/Data/MonoBleedingEdge/lib/mono/unityjit'
Mono config path = 'C:/Program Files/Unity/Hub/Editor/2020.2.7f1/Editor/Data/MonoBleedingEdge/etc'
Using monoOptions --debugger-agent=transport=dt_socket,embedding=1,server=y,suspend=n,address=127.0.0.1:56028
Begin MonoManager ReloadAssembly
Registering precompiled unity dll's ...
Register platform support module: C:/Program Files/Unity/Hub/Editor/2020.2.7f1/Editor/Data/PlaybackEngines/WebGLSupport/UnityEditor.WebGL.Extensions.dll
Register platform support module: C:/Program Files/Unity/Hub/Editor/2020.2.7f1/Editor/Data/PlaybackEngines/WindowsStandaloneSupport/UnityEditor.WindowsStandalone.Extensions.dll
Registered in 0.002622 seconds.
Native extension for WindowsStandalone target not found
Native extension for WebGL target not found
Refreshing native plugins compatible for Editor in 22.28 ms, found 0 plugins.
Preloading 0 native plugins for Editor in 0.00 ms.
Invoked RoslynAnalysisRunner static constructor.
RoslynAnalysisRunner will not be running.
RoslynAnalysisRunner has terminated.
Mono: successfully reloaded assembly
- Completed reload, in  1.434 seconds
Platform modules already initialized, skipping
Registering precompiled user dll's ...
Registered in 0.000792 seconds.
Begin MonoManager ReloadAssembly
Native extension for WindowsStandalone target not found
Native extension for WebGL target not found
Refreshing native plugins compatible for Editor in 0.21 ms, found 0 plugins.
Preloading 0 native plugins for Editor in 0.00 ms.
Invoked RoslynAnalysisRunner static constructor.
RoslynAnalysisRunner will not be running.
RoslynAnalysisRunner has terminated.
Mono: successfully reloaded assembly
- Completed reload, in  0.870 seconds
Platform modules already initialized, skipping
========================================================================
Worker process is ready to serve import requests
Launched and connected shader compiler UnityShaderCompiler.exe after 0.06 seconds
Refreshing native plugins compatible for Editor in 0.27 ms, found 0 plugins.
Preloading 0 native plugins for Editor in 0.00 ms.
Unloading 1117 Unused Serialized files (Serialized files now loaded: 0)
System memory in use before: 57.0 MB.
System memory in use after: 57.0 MB.

Unloading 10 unused Assets to reduce memory usage. Loaded Objects now: 1559.
Total: 1.795700 ms (FindLiveObjects: 0.221400 ms CreateObjectMapping: 0.055700 ms MarkObjects: 1.419400 ms  DeleteObjects: 0.098400 ms)

========================================================================
Received Import Request.
  path: Assets/Scenes/SampleScene.unity
  artifactKey: Guid(9fc0d4010bbf28b4594072e72b8655ab) Importer(815301076,1909f56bfc062723c751e8b465ee728b)
Start importing Assets/Scenes/SampleScene.unity using Guid(9fc0d4010bbf28b4594072e72b8655ab) Importer(815301076,1909f56bfc062723c751e8b465ee728b)  -> (artifact id: '7697664b075726995b8d24fca5b03d13') in 0.010459 seconds
  Import took 0.015310 seconds .

========================================================================
Received Import Request.
  Time since last request: 66.263788 seconds.
  path: Assets/Scenes/Solar System.unity
  artifactKey: Guid(9fc0d4010bbf28b4594072e72b8655ab) Importer(815301076,1909f56bfc062723c751e8b465ee728b)
Start importing Assets/Scenes/Solar System.unity using Guid(9fc0d4010bbf28b4594072e72b8655ab) Importer(815301076,1909f56bfc062723c751e8b465ee728b)  -> (artifact id: '34b9ccbd79e3c09c6c4c56d16b02c28e') in 0.004601 seconds
  Import took 0.016384 seconds .

========================================================================
Received Import Request.
  Time since last request: 37.898283 seconds.
  path: Assets/Scenes
  artifactKey: Guid(8e6454bedae82ad4f98beada45a63213) Importer(815301076,1909f56bfc062723c751e8b465ee728b)
Start importing Assets/Scenes using Guid(8e6454bedae82ad4f98beada45a63213) Importer(815301076,1909f56bfc062723c751e8b465ee728b)  -> (artifact id: '3b2385732a4e5e2c1183dad52991ea85') in 0.002684 seconds
  Import took 0.005396 seconds .

========================================================================
Received Import Request.
  Time since last request: 4.200742 seconds.
  path: Assets/_Scenes
  artifactKey: Guid(8e6454bedae82ad4f98beada45a63213) Importer(815301076,1909f56bfc062723c751e8b465ee728b)
Start importing Assets/_Scenes using Guid(8e6454bedae82ad4f98beada45a63213) Importer(815301076,1909f56bfc062723c751e8b465ee728b)  -> (artifact id: 'd5b85a1982e308c92d8bf2ab1a975b0e') in 0.004307 seconds
  Import took 0.007276 seconds .

========================================================================
Received Import Request.
  Time since last request: 138.516508 seconds.
  path: Assets/Icons/SunIcon.png
  artifactKey: Guid(9e55cd7ad5d602b41a4e3c179ff56382) Importer(815301076,1909f56bfc062723c751e8b465ee728b)
Start importing Assets/Icons/SunIcon.png using Guid(9e55cd7ad5d602b41a4e3c179ff56382) Importer(815301076,1909f56bfc062723c751e8b465ee728b)  -> (artifact id: '7b6380923b404c1e484826a9dce1170b') in 0.092571 seconds
  Import took 0.094953 seconds .

========================================================================
Received Import Request.
  Time since last request: 666.292273 seconds.
  path: Assets/Textures/SunTexture.jpg
  artifactKey: Guid(75a971c65a9fcd142a32b99691d7efbc) Importer(815301076,1909f56bfc062723c751e8b465ee728b)
Start importing Assets/Textures/SunTexture.jpg using Guid(75a971c65a9fcd142a32b99691d7efbc) Importer(815301076,1909f56bfc062723c751e8b465ee728b)  -> (artifact id: '02e33e8e840c826f00f771a5e810a15a') in 0.011923 seconds
  Import took 0.015442 seconds .

========================================================================
Received Import Request.
  Time since last request: 0.000409 seconds.
  path: Assets/Textures/SunTexture.jpg
  artifactKey: Guid(75a971c65a9fcd142a32b99691d7efbc) Importer(815301076,1909f56bfc062723c751e8b465ee728b)
Start importing Assets/Textures/SunTexture.jpg using Guid(75a971c65a9fcd142a32b99691d7efbc) Importer(815301076,1909f56bfc062723c751e8b465ee728b)  -> (artifact id: '02e33e8e840c826f00f771a5e810a15a') in 0.007883 seconds
  Import took 0.010243 seconds .

========================================================================
Received Import Request.
  Time since last request: 111.705516 seconds.
  path: Assets/Textures/EarthTexture.jpg
  artifactKey: Guid(2de6f58776d80c74fa8f5daae08716e7) Importer(815301076,1909f56bfc062723c751e8b465ee728b)
Start importing Assets/Textures/EarthTexture.jpg using Guid(2de6f58776d80c74fa8f5daae08716e7) Importer(815301076,1909f56bfc062723c751e8b465ee728b)  -> (artifact id: '56c8ab4f55cdc25f96e90e0c130ba199') in 0.009193 seconds
  Import took 0.011902 seconds .

========================================================================
Received Import Request.
  Time since last request: 110.924242 seconds.
  path: Assets/Textures/MoonTexture.jpg
  artifactKey: Guid(e40b4219471e7f94a8dd3b83bd758190) Importer(815301076,1909f56bfc062723c751e8b465ee728b)
Start importing Assets/Textures/MoonTexture.jpg using Guid(e40b4219471e7f94a8dd3b83bd758190) Importer(815301076,1909f56bfc062723c751e8b465ee728b)  -> (artifact id: 'cf872b159b78a037e9e040794f3971f2') in 0.009465 seconds
  Import took 0.012756 seconds .

========================================================================
Received Import Request.
  Time since last request: 802.200505 seconds.
  path: Assets/Textures/JupiterTexture.jpg
  artifactKey: Guid(fa8b0520a8df9dc42af98b2ed9dc2e58) Importer(815301076,1909f56bfc062723c751e8b465ee728b)
Start importing Assets/Textures/JupiterTexture.jpg using Guid(fa8b0520a8df9dc42af98b2ed9dc2e58) Importer(815301076,1909f56bfc062723c751e8b465ee728b)  -> (artifact id: '3ed211fa2db2b98546b180f4a2ec6d4a') in 0.009817 seconds
  Import took 0.012527 seconds .

========================================================================
Received Import Request.
  Time since last request: 0.000217 seconds.
  path: Assets/Textures/MarsTexture.jpg
  artifactKey: Guid(0fa7e6120b9371541983941ce159f872) Importer(815301076,1909f56bfc062723c751e8b465ee728b)
Start importing Assets/Textures/MarsTexture.jpg using Guid(0fa7e6120b9371541983941ce159f872) Importer(815301076,1909f56bfc062723c751e8b465ee728b)  -> (artifact id: 'c9d5b6032999910c843f373af64cdaa3') in 0.011698 seconds
  Import took 0.014079 seconds .

========================================================================
Received Import Request.
  Time since last request: 0.000241 seconds.
  path: Assets/Textures/MercuryTexture.jpg
  artifactKey: Guid(ab31b633651900e4aab31ddb1e0143da) Importer(815301076,1909f56bfc062723c751e8b465ee728b)
Start importing Assets/Textures/MercuryTexture.jpg using Guid(ab31b633651900e4aab31ddb1e0143da) Importer(815301076,1909f56bfc062723c751e8b465ee728b)  -> (artifact id: 'd8a4b7f26c09bb282a00778ee903d947') in 0.008954 seconds
  Import took 0.011405 seconds .

========================================================================
Received Import Request.
  Time since last request: 0.000198 seconds.
  path: Assets/Textures/SaturnTexture.jpg
  artifactKey: Guid(c36c2bf7ac527a84d8293a99bf84bd93) Importer(815301076,1909f56bfc062723c751e8b465ee728b)
Start importing Assets/Textures/SaturnTexture.jpg using Guid(c36c2bf7ac527a84d8293a99bf84bd93) Importer(815301076,1909f56bfc062723c751e8b465ee728b)  -> (artifact id: '3e45c641b59fd586cbdcf327e12de72f') in 0.011308 seconds
  Import took 0.013124 seconds .

========================================================================
Received Import Request.
  Time since last request: 0.000222 seconds.
  path: Assets/Textures/JupiterTexture.jpg
  artifactKey: Guid(fa8b0520a8df9dc42af98b2ed9dc2e58) Importer(815301076,1909f56bfc062723c751e8b465ee728b)
Start importing Assets/Textures/JupiterTexture.jpg using Guid(fa8b0520a8df9dc42af98b2ed9dc2e58) Importer(815301076,1909f56bfc062723c751e8b465ee728b)  -> (artifact id: '3ed211fa2db2b98546b180f4a2ec6d4a') in 0.009032 seconds
  Import took 0.011183 seconds .

========================================================================
Received Import Request.
  Time since last request: 0.000212 seconds.
  path: Assets/Textures/MarsTexture.jpg
  artifactKey: Guid(0fa7e6120b9371541983941ce159f872) Importer(815301076,1909f56bfc062723c751e8b465ee728b)
Start importing Assets/Textures/MarsTexture.jpg using Guid(0fa7e6120b9371541983941ce159f872) Importer(815301076,1909f56bfc062723c751e8b465ee728b)  -> (artifact id: 'c9d5b6032999910c843f373af64cdaa3') in 0.007492 seconds
  Import took 0.009664 seconds .

========================================================================
Received Import Request.
  Time since last request: 0.000253 seconds.
  path: Assets/Textures/PlutoTexture.jpg
  artifactKey: Guid(8a6376a35332c10449eadc6738b5d378) Importer(815301076,1909f56bfc062723c751e8b465ee728b)
Start importing Assets/Textures/PlutoTexture.jpg using Guid(8a6376a35332c10449eadc6738b5d378) Importer(815301076,1909f56bfc062723c751e8b465ee728b)  -> (artifact id: 'aeb413cc5baff7e166c923044e53a2f7') in 0.009441 seconds
  Import took 0.011764 seconds .

========================================================================
Received Import Request.
  Time since last request: 0.000180 seconds.
  path: Assets/Textures/NeptuneTexture.jpg
  artifactKey: Guid(7b91d04acf8b3384bb8be3097310c964) Importer(815301076,1909f56bfc062723c751e8b465ee728b)
Start importing Assets/Textures/NeptuneTexture.jpg using Guid(7b91d04acf8b3384bb8be3097310c964) Importer(815301076,1909f56bfc062723c751e8b465ee728b)  -> (artifact id: 'e1de6e96c7b7ad0b0448e234d0d31bf2') in 0.016324 seconds
  Import took 0.019061 seconds .

========================================================================
Received Import Request.
  Time since last request: 2.464121 seconds.
  path: Assets/Textures/SpaceTexture.jpg
  artifactKey: Guid(a2ff3b8a89beb634098a701c47f20ebf) Importer(815301076,1909f56bfc062723c751e8b465ee728b)
Start importing Assets/Textures/SpaceTexture.jpg using Guid(a2ff3b8a89beb634098a701c47f20ebf) Importer(815301076,1909f56bfc062723c751e8b465ee728b)  -> (artifact id: 'b3452b35005cbae3c439ffca60ede64c') in 0.009675 seconds
  Import took 0.012023 seconds .

========================================================================
Received Import Request.
  Time since last request: 0.000162 seconds.
  path: Assets/Textures/UranusTexture.jpg
  artifactKey: Guid(4908799b955a7d44e9e006da269e8683) Importer(815301076,1909f56bfc062723c751e8b465ee728b)
Start importing Assets/Textures/UranusTexture.jpg using Guid(4908799b955a7d44e9e006da269e8683) Importer(815301076,1909f56bfc062723c751e8b465ee728b)  -> (artifact id: '1c50987a8ce710387c93502712d80c4c') in 0.008632 seconds
  Import took 0.010873 seconds .

========================================================================
Received Import Request.
  Time since last request: 0.000283 seconds.
  path: Assets/Textures/SpaceTexture.jpg
  artifactKey: Guid(a2ff3b8a89beb634098a701c47f20ebf) Importer(815301076,1909f56bfc062723c751e8b465ee728b)
Start importing Assets/Textures/SpaceTexture.jpg using Guid(a2ff3b8a89beb634098a701c47f20ebf) Importer(815301076,1909f56bfc062723c751e8b465ee728b)  -> (artifact id: 'b3452b35005cbae3c439ffca60ede64c') in 0.007953 seconds
  Import took 0.009916 seconds .

========================================================================
Received Import Request.
  Time since last request: 0.000161 seconds.
  path: Assets/Textures/UranusTexture.jpg
  artifactKey: Guid(4908799b955a7d44e9e006da269e8683) Importer(815301076,1909f56bfc062723c751e8b465ee728b)
Start importing Assets/Textures/UranusTexture.jpg using Guid(4908799b955a7d44e9e006da269e8683) Importer(815301076,1909f56bfc062723c751e8b465ee728b)  -> (artifact id: '1c50987a8ce710387c93502712d80c4c') in 0.007031 seconds
  Import took 0.008808 seconds .

========================================================================
Received Import Request.
  Time since last request: 0.100180 seconds.
  path: Assets/Textures/VenusTexture.jpg
  artifactKey: Guid(a2f95ecd6c0ad074ebdc8793d82c20a2) Importer(815301076,1909f56bfc062723c751e8b465ee728b)
Start importing Assets/Textures/VenusTexture.jpg using Guid(a2f95ecd6c0ad074ebdc8793d82c20a2) Importer(815301076,1909f56bfc062723c751e8b465ee728b)  -> (artifact id: 'c5bb14890cbd6f00febd624299d02a0f') in 0.009097 seconds
  Import took 0.011519 seconds .

========================================================================
Received Import Request.
  Time since last request: 0.004271 seconds.
  path: Assets/Textures/VenusTexture.jpg
  artifactKey: Guid(a2f95ecd6c0ad074ebdc8793d82c20a2) Importer(815301076,1909f56bfc062723c751e8b465ee728b)
Start importing Assets/Textures/VenusTexture.jpg using Guid(a2f95ecd6c0ad074ebdc8793d82c20a2) Importer(815301076,1909f56bfc062723c751e8b465ee728b)  -> (artifact id: 'c5bb14890cbd6f00febd624299d02a0f') in 0.006585 seconds
  Import took 0.008541 seconds .

========================================================================
Received Import Request.
  Time since last request: 61.500880 seconds.
  path: Assets/Materials
  artifactKey: Guid(93afa92e78b7a3b4a91db5f9aee1a746) Importer(815301076,1909f56bfc062723c751e8b465ee728b)
Start importing Assets/Materials using Guid(93afa92e78b7a3b4a91db5f9aee1a746) Importer(815301076,1909f56bfc062723c751e8b465ee728b)  -> (artifact id: '9bbe57da06ea5a957e19e8eb7ab89106') in 0.003685 seconds
  Import took 0.008702 seconds .

========================================================================
Received Import Request.
  Time since last request: 14416.485906 seconds.
  path: Assets/Scripts/RotateAround.cs
  artifactKey: Guid(a323b392f20570e4f86e6f45393fa023) Importer(815301076,1909f56bfc062723c751e8b465ee728b)
Start importing Assets/Scripts/RotateAround.cs using Guid(a323b392f20570e4f86e6f45393fa023) Importer(815301076,1909f56bfc062723c751e8b465ee728b)  -> (artifact id: 'd9fc3a9b262701c661884b7b116de89e') in 0.027311 seconds
  Import took 0.039940 seconds .

========================================================================
Received Prepare
Registering precompiled user dll's ...
Registered in 0.001501 seconds.
Begin MonoManager ReloadAssembly
Native extension for WindowsStandalone target not found
Native extension for WebGL target not found
Refreshing native plugins compatible for Editor in 0.49 ms, found 0 plugins.
Preloading 0 native plugins for Editor in 0.00 ms.
Invoked RoslynAnalysisRunner static constructor.
RoslynAnalysisRunner will not be running.
RoslynAnalysisRunner has terminated.
Mono: successfully reloaded assembly
- Completed reload, in  1.753 seconds
Platform modules already initialized, skipping
Refreshing native plugins compatible for Editor in 0.50 ms, found 0 plugins.
Preloading 0 native plugins for Editor in 0.00 ms.
Unloading 1112 Unused Serialized files (Serialized files now loaded: 0)
System memory in use before: 57.0 MB.
System memory in use after: 57.1 MB.

Unloading 5 unused Assets to reduce memory usage. Loaded Objects now: 1565.
Total: 3.196800 ms (FindLiveObjects: 0.229400 ms CreateObjectMapping: 0.058800 ms MarkObjects: 2.810300 ms  DeleteObjects: 0.096300 ms)

========================================================================
Received Prepare
Registering precompiled user dll's ...
Registered in 0.001464 seconds.
Begin MonoManager ReloadAssembly
Native extension for WindowsStandalone target not found
Native extension for WebGL target not found
Refreshing native plugins compatible for Editor in 0.67 ms, found 0 plugins.
Preloading 0 native plugins for Editor in 0.00 ms.
Invoked RoslynAnalysisRunner static constructor.
RoslynAnalysisRunner will not be running.
RoslynAnalysisRunner has terminated.
Mono: successfully reloaded assembly
- Completed reload, in  1.903 seconds
Platform modules already initialized, skipping
Refreshing native plugins compatible for Editor in 0.45 ms, found 0 plugins.
Preloading 0 native plugins for Editor in 0.00 ms.
Unloading 1112 Unused Serialized files (Serialized files now loaded: 0)
System memory in use before: 57.0 MB.
System memory in use after: 57.1 MB.

Unloading 5 unused Assets to reduce memory usage. Loaded Objects now: 1568.
Total: 5.686600 ms (FindLiveObjects: 0.936100 ms CreateObjectMapping: 1.363300 ms MarkObjects: 3.145600 ms  DeleteObjects: 0.233800 ms)

========================================================================
Received Prepare
Registering precompiled user dll's ...
Registered in 0.001946 seconds.
Begin MonoManager ReloadAssembly
Native extension for WindowsStandalone target not found
Native extension for WebGL target not found
Refreshing native plugins compatible for Editor in 0.34 ms, found 0 plugins.
Preloading 0 native plugins for Editor in 0.00 ms.
Invoked RoslynAnalysisRunner static constructor.
RoslynAnalysisRunner will not be running.
RoslynAnalysisRunner has terminated.
Mono: successfully reloaded assembly
- Completed reload, in  1.831 seconds
Platform modules already initialized, skipping
Refreshing native plugins compatible for Editor in 0.38 ms, found 0 plugins.
Preloading 0 native plugins for Editor in 0.00 ms.
Unloading 1112 Unused Serialized files (Serialized files now loaded: 0)
System memory in use before: 57.0 MB.
System memory in use after: 57.1 MB.

Unloading 5 unused Assets to reduce memory usage. Loaded Objects now: 1571.
Total: 3.220800 ms (FindLiveObjects: 0.295300 ms CreateObjectMapping: 0.076200 ms MarkObjects: 2.791300 ms  DeleteObjects: 0.056000 ms)

========================================================================
Received Prepare
Registering precompiled user dll's ...
Registered in 0.001724 seconds.
Begin MonoManager ReloadAssembly
Native extension for WindowsStandalone target not found
Native extension for WebGL target not found
Refreshing native plugins compatible for Editor in 0.38 ms, found 0 plugins.
Preloading 0 native plugins for Editor in 0.00 ms.
Invoked RoslynAnalysisRunner static constructor.
RoslynAnalysisRunner will not be running.
RoslynAnalysisRunner has terminated.
Mono: successfully reloaded assembly
- Completed reload, in  1.440 seconds
Platform modules already initialized, skipping
Refreshing native plugins compatible for Editor in 0.38 ms, found 0 plugins.
Preloading 0 native plugins for Editor in 0.00 ms.
Unloading 1112 Unused Serialized files (Serialized files now loaded: 0)
System memory in use before: 57.0 MB.
System memory in use after: 57.1 MB.

Unloading 5 unused Assets to reduce memory usage. Loaded Objects now: 1574.
Total: 2.710100 ms (FindLiveObjects: 0.227700 ms CreateObjectMapping: 0.074800 ms MarkObjects: 2.352400 ms  DeleteObjects: 0.053800 ms)

========================================================================
Received Prepare
Registering precompiled user dll's ...
Registered in 0.002177 seconds.
Begin MonoManager ReloadAssembly
Native extension for WindowsStandalone target not found
Native extension for WebGL target not found
Refreshing native plugins compatible for Editor in 0.75 ms, found 0 plugins.
Preloading 0 native plugins for Editor in 0.00 ms.
Invoked RoslynAnalysisRunner static constructor.
RoslynAnalysisRunner will not be running.
RoslynAnalysisRunner has terminated.
Mono: successfully reloaded assembly
- Completed reload, in  1.763 seconds
Platform modules already initialized, skipping
Refreshing native plugins compatible for Editor in 0.25 ms, found 0 plugins.
Preloading 0 native plugins for Editor in 0.00 ms.
Unloading 1112 Unused Serialized files (Serialized files now loaded: 0)
System memory in use before: 57.1 MB.
System memory in use after: 57.1 MB.

Unloading 5 unused Assets to reduce memory usage. Loaded Objects now: 1577.
Total: 5.256000 ms (FindLiveObjects: 1.057600 ms CreateObjectMapping: 0.500800 ms MarkObjects: 3.610000 ms  DeleteObjects: 0.083400 ms)

========================================================================
Received Prepare
Registering precompiled user dll's ...
Registered in 0.002227 seconds.
Begin MonoManager ReloadAssembly
Native extension for WindowsStandalone target not found
Native extension for WebGL target not found
Refreshing native plugins compatible for Editor in 0.31 ms, found 0 plugins.
Preloading 0 native plugins for Editor in 0.00 ms.
Invoked RoslynAnalysisRunner static constructor.
RoslynAnalysisRunner will not be running.
RoslynAnalysisRunner has terminated.
Mono: successfully reloaded assembly
- Completed reload, in  1.581 seconds
Platform modules already initialized, skipping
Refreshing native plugins compatible for Editor in 0.36 ms, found 0 plugins.
Preloading 0 native plugins for Editor in 0.00 ms.
Unloading 1112 Unused Serialized files (Serialized files now loaded: 0)
System memory in use before: 57.1 MB.
System memory in use after: 57.1 MB.

Unloading 5 unused Assets to reduce memory usage. Loaded Objects now: 1580.
Total: 2.388900 ms (FindLiveObjects: 0.170700 ms CreateObjectMapping: 0.048500 ms MarkObjects: 2.097800 ms  DeleteObjects: 0.069900 ms)

========================================================================
Received Prepare
Registering precompiled user dll's ...
Registered in 0.003265 seconds.
Begin MonoManager ReloadAssembly
Native extension for WindowsStandalone target not found
Native extension for WebGL target not found
Refreshing native plugins compatible for Editor in 0.39 ms, found 0 plugins.
Preloading 0 native plugins for Editor in 0.00 ms.
Invoked RoslynAnalysisRunner static constructor.
RoslynAnalysisRunner will not be running.
RoslynAnalysisRunner has terminated.
Mono: successfully reloaded assembly
- Completed reload, in  2.010 seconds
Platform modules already initialized, skipping
Refreshing native plugins compatible for Editor in 0.29 ms, found 0 plugins.
Preloading 0 native plugins for Editor in 0.00 ms.
Unloading 1112 Unused Serialized files (Serialized files now loaded: 0)
System memory in use before: 57.1 MB.
System memory in use after: 57.1 MB.

Unloading 5 unused Assets to reduce memory usage. Loaded Objects now: 1583.
Total: 3.749900 ms (FindLiveObjects: 0.201700 ms CreateObjectMapping: 0.056400 ms MarkObjects: 3.378900 ms  DeleteObjects: 0.110200 ms)

AssetImportWorkerClient::OnTransportError - code=2 error=End of file
