Using pre-set license
Built from '2020.2/staging' branch; Version is '2020.2.7f1 (c53830e277f1) revision 12924976'; Using compiler version '192528614'; Build Type 'Release'
OS: 'Windows 10 Home Single Language; OS build 19042.985; Version 2009; 64bit' Language: 'en' Physical Memory: 7977 MB
BatchMode: 1, IsHumanControllingUs: 0, StartBugReporterOnCrash: 0, Is64bit: 1, IsPro: 0

 COMMAND LINE ARGUMENTS:
C:\Program Files\Unity\Hub\Editor\2020.2.7f1\Editor\Unity.exe
-adb2
-batchMode
-noUpm
-name
AssetImportWorker0
-projectPath
C:/Users/lokesh/SolarSystem
-logFile
Logs/AssetImportWorker0.log
-srvPort
52942
Successfully changed project path to: C:/Users/lokesh/SolarSystem
C:/Users/lokesh/SolarSystem
Using Asset Import Pipeline V2.
Refreshing native plugins compatible for Editor in 65.15 ms, found 0 plugins.
Preloading 0 native plugins for Editor in 0.00 ms.
Initialize engine version: 2020.2.7f1 (c53830e277f1)
[Subsystems] Discovering subsystems at path C:/Program Files/Unity/Hub/Editor/2020.2.7f1/Editor/Data/Resources/UnitySubsystems
[Subsystems] Discovering subsystems at path C:/Users/lokesh/SolarSystem/Assets
GfxDevice: creating device client; threaded=0
Direct3D:
    Version:  Direct3D 11.0 [level 11.1]
    Renderer: Intel(R) UHD Graphics (ID=0x9b41)
    Vendor:   
    VRAM:     3988 MB
    Driver:   26.20.100.7926
Initialize mono
Mono path[0] = 'C:/Program Files/Unity/Hub/Editor/2020.2.7f1/Editor/Data/Managed'
Mono path[1] = 'C:/Program Files/Unity/Hub/Editor/2020.2.7f1/Editor/Data/MonoBleedingEdge/lib/mono/unityjit'
Mono config path = 'C:/Program Files/Unity/Hub/Editor/2020.2.7f1/Editor/Data/MonoBleedingEdge/etc'
Using monoOptions --debugger-agent=transport=dt_socket,embedding=1,server=y,suspend=n,address=127.0.0.1:56748
Begin MonoManager ReloadAssembly
Registering precompiled unity dll's ...
Register platform support module: C:/Program Files/Unity/Hub/Editor/2020.2.7f1/Editor/Data/PlaybackEngines/WebGLSupport/UnityEditor.WebGL.Extensions.dll
Register platform support module: C:/Program Files/Unity/Hub/Editor/2020.2.7f1/Editor/Data/PlaybackEngines/WindowsStandaloneSupport/UnityEditor.WindowsStandalone.Extensions.dll
Registered in 0.008158 seconds.
Native extension for WindowsStandalone target not found
Native extension for WebGL target not found
Refreshing native plugins compatible for Editor in 78.58 ms, found 0 plugins.
Preloading 0 native plugins for Editor in 0.00 ms.
Invoked RoslynAnalysisRunner static constructor.
RoslynAnalysisRunner will not be running.
RoslynAnalysisRunner has terminated.
Mono: successfully reloaded assembly
- Completed reload, in  3.635 seconds
Platform modules already initialized, skipping
Registering precompiled user dll's ...
Registered in 0.003475 seconds.
Begin MonoManager ReloadAssembly
Native extension for WindowsStandalone target not found
Native extension for WebGL target not found
Refreshing native plugins compatible for Editor in 0.26 ms, found 0 plugins.
Preloading 0 native plugins for Editor in 0.00 ms.
Invoked RoslynAnalysisRunner static constructor.
RoslynAnalysisRunner will not be running.
RoslynAnalysisRunner has terminated.
Mono: successfully reloaded assembly
- Completed reload, in  2.064 seconds
Platform modules already initialized, skipping
========================================================================
Worker process is ready to serve import requests
Launched and connected shader compiler UnityShaderCompiler.exe after 0.11 seconds
Refreshing native plugins compatible for Editor in 0.36 ms, found 0 plugins.
Preloading 0 native plugins for Editor in 0.00 ms.
Unloading 1117 Unused Serialized files (Serialized files now loaded: 0)
System memory in use before: 57.2 MB.
System memory in use after: 57.2 MB.

Unloading 10 unused Assets to reduce memory usage. Loaded Objects now: 1560.
Total: 1.964200 ms (FindLiveObjects: 0.228200 ms CreateObjectMapping: 0.058000 ms MarkObjects: 1.602900 ms  DeleteObjects: 0.074000 ms)

========================================================================
Received Import Request.
  path: Assets/Sounds/burning.aif
  artifactKey: Guid(e0d944ca66ff33345a1f1cc3d824f3b2) Importer(815301076,1909f56bfc062723c751e8b465ee728b)
Start importing Assets/Sounds/burning.aif using Guid(e0d944ca66ff33345a1f1cc3d824f3b2) Importer(815301076,1909f56bfc062723c751e8b465ee728b)  -> (artifact id: '504ced463a3ddc63564778e678491e77') in 0.312988 seconds
  Import took 0.320895 seconds .

========================================================================
Received Prepare
Registering precompiled user dll's ...
Registered in 0.001338 seconds.
Begin MonoManager ReloadAssembly
Native extension for WindowsStandalone target not found
Native extension for WebGL target not found
Refreshing native plugins compatible for Editor in 0.22 ms, found 0 plugins.
Preloading 0 native plugins for Editor in 0.00 ms.
Invoked RoslynAnalysisRunner static constructor.
RoslynAnalysisRunner will not be running.
RoslynAnalysisRunner has terminated.
Mono: successfully reloaded assembly
- Completed reload, in  1.507 seconds
Platform modules already initialized, skipping
Refreshing native plugins compatible for Editor in 0.38 ms, found 0 plugins.
Preloading 0 native plugins for Editor in 0.00 ms.
Unloading 1112 Unused Serialized files (Serialized files now loaded: 0)
System memory in use before: 60.3 MB.
System memory in use after: 60.3 MB.

Unloading 5 unused Assets to reduce memory usage. Loaded Objects now: 1572.
Total: 3.217000 ms (FindLiveObjects: 0.273800 ms CreateObjectMapping: 0.067400 ms MarkObjects: 2.791700 ms  DeleteObjects: 0.081300 ms)

========================================================================
Received Import Request.
  Time since last request: 169.321642 seconds.
  path: Assets/Sounds/dronehum.aif
  artifactKey: Guid(5c9235b6a3dfdc54d8c42d059d795100) Importer(815301076,1909f56bfc062723c751e8b465ee728b)
Start importing Assets/Sounds/dronehum.aif using Guid(5c9235b6a3dfdc54d8c42d059d795100) Importer(815301076,1909f56bfc062723c751e8b465ee728b)  -> (artifact id: '9d44be035bc6755f1137c146218327bc') in 0.056063 seconds
  Import took 0.060912 seconds .

========================================================================
Received Prepare
Registering precompiled user dll's ...
Registered in 0.001404 seconds.
Begin MonoManager ReloadAssembly
Native extension for WindowsStandalone target not found
Native extension for WebGL target not found
Refreshing native plugins compatible for Editor in 0.39 ms, found 0 plugins.
Preloading 0 native plugins for Editor in 0.00 ms.
Invoked RoslynAnalysisRunner static constructor.
RoslynAnalysisRunner will not be running.
RoslynAnalysisRunner has terminated.
Mono: successfully reloaded assembly
- Completed reload, in  1.896 seconds
Platform modules already initialized, skipping
Refreshing native plugins compatible for Editor in 0.32 ms, found 0 plugins.
Preloading 0 native plugins for Editor in 0.00 ms.
Unloading 1112 Unused Serialized files (Serialized files now loaded: 0)
System memory in use before: 60.3 MB.
System memory in use after: 60.4 MB.

Unloading 5 unused Assets to reduce memory usage. Loaded Objects now: 1576.
Total: 3.861000 ms (FindLiveObjects: 0.329400 ms CreateObjectMapping: 0.109600 ms MarkObjects: 3.325200 ms  DeleteObjects: 0.094200 ms)

========================================================================
Received Import Request.
  Time since last request: 232.045515 seconds.
  path: Assets/Sounds
  artifactKey: Guid(ca1158dd3960e5d48819d3cae5bbc8f5) Importer(815301076,1909f56bfc062723c751e8b465ee728b)
Start importing Assets/Sounds using Guid(ca1158dd3960e5d48819d3cae5bbc8f5) Importer(815301076,1909f56bfc062723c751e8b465ee728b)  -> (artifact id: 'c269aa079f043ad6f7c8885f4bca8c33') in 0.015941 seconds
  Import took 0.021242 seconds .

========================================================================
Received Prepare
Registering precompiled user dll's ...
Registered in 0.002448 seconds.
Begin MonoManager ReloadAssembly
Native extension for WindowsStandalone target not found
Native extension for WebGL target not found
Refreshing native plugins compatible for Editor in 0.48 ms, found 0 plugins.
Preloading 0 native plugins for Editor in 0.00 ms.
Invoked RoslynAnalysisRunner static constructor.
RoslynAnalysisRunner will not be running.
RoslynAnalysisRunner has terminated.
Mono: successfully reloaded assembly
- Completed reload, in  2.016 seconds
Platform modules already initialized, skipping
Refreshing native plugins compatible for Editor in 0.38 ms, found 0 plugins.
Preloading 0 native plugins for Editor in 0.00 ms.
Unloading 1112 Unused Serialized files (Serialized files now loaded: 0)
System memory in use before: 60.3 MB.
System memory in use after: 60.4 MB.

Unloading 5 unused Assets to reduce memory usage. Loaded Objects now: 1579.
Total: 2.550000 ms (FindLiveObjects: 0.246700 ms CreateObjectMapping: 0.055900 ms MarkObjects: 2.165600 ms  DeleteObjects: 0.080400 ms)

========================================================================
Received Prepare
Registering precompiled user dll's ...
Registered in 0.001762 seconds.
Begin MonoManager ReloadAssembly
Native extension for WindowsStandalone target not found
Native extension for WebGL target not found
Refreshing native plugins compatible for Editor in 0.66 ms, found 0 plugins.
Preloading 0 native plugins for Editor in 0.00 ms.
Invoked RoslynAnalysisRunner static constructor.
RoslynAnalysisRunner will not be running.
RoslynAnalysisRunner has terminated.
Mono: successfully reloaded assembly
- Completed reload, in  2.160 seconds
Platform modules already initialized, skipping
Refreshing native plugins compatible for Editor in 0.31 ms, found 0 plugins.
Preloading 0 native plugins for Editor in 0.00 ms.
Unloading 1112 Unused Serialized files (Serialized files now loaded: 0)
System memory in use before: 60.3 MB.
System memory in use after: 60.4 MB.

Unloading 5 unused Assets to reduce memory usage. Loaded Objects now: 1582.
Total: 2.857400 ms (FindLiveObjects: 0.196400 ms CreateObjectMapping: 0.058500 ms MarkObjects: 2.510300 ms  DeleteObjects: 0.090300 ms)

========================================================================
Received Import Request.
  Time since last request: 560.060462 seconds.
  path: Assets/Materials/Earth Material.mat
  artifactKey: Guid(4d6e1b8c077f1ec4fa866a02f0f9d973) Importer(815301076,1909f56bfc062723c751e8b465ee728b)
Start importing Assets/Materials/Earth Material.mat using Guid(4d6e1b8c077f1ec4fa866a02f0f9d973) Importer(815301076,1909f56bfc062723c751e8b465ee728b)  -> (artifact id: '11dd62f0a3f09da017f025fc247795b7') in 0.115801 seconds
  Import took 0.119422 seconds .

========================================================================
Received Import Request.
  Time since last request: 0.000301 seconds.
  path: Assets/Materials/Outer Space Skybox Material.mat
  artifactKey: Guid(b4603c9bc9d816c45b00c15a24db67aa) Importer(815301076,1909f56bfc062723c751e8b465ee728b)
Start importing Assets/Materials/Outer Space Skybox Material.mat using Guid(b4603c9bc9d816c45b00c15a24db67aa) Importer(815301076,1909f56bfc062723c751e8b465ee728b)  -> (artifact id: 'c6ff38623e4d97c8d694eee517016f88') in 0.016934 seconds
  Import took 0.019943 seconds .

========================================================================
Received Import Request.
  Time since last request: 0.000324 seconds.
  path: Assets/Materials/Sun Material.mat
  artifactKey: Guid(7db4db84b7cdeb64f8ab1110eb196765) Importer(815301076,1909f56bfc062723c751e8b465ee728b)
Start importing Assets/Materials/Sun Material.mat using Guid(7db4db84b7cdeb64f8ab1110eb196765) Importer(815301076,1909f56bfc062723c751e8b465ee728b)  -> (artifact id: '14a2fdb9e514d98dfcec09778441b7d7') in 0.022836 seconds
  Import took 0.025522 seconds .

========================================================================
Received Import Request.
  Time since last request: 0.000343 seconds.
  path: Assets/Materials/Earth Material.mat
  artifactKey: Guid(4d6e1b8c077f1ec4fa866a02f0f9d973) Importer(815301076,1909f56bfc062723c751e8b465ee728b)
Start importing Assets/Materials/Earth Material.mat using Guid(4d6e1b8c077f1ec4fa866a02f0f9d973) Importer(815301076,1909f56bfc062723c751e8b465ee728b)  -> (artifact id: '11dd62f0a3f09da017f025fc247795b7') in 0.013187 seconds
  Import took 0.015635 seconds .

========================================================================
Received Import Request.
  Time since last request: 0.000276 seconds.
  path: Assets/Materials/Moon Material.mat
  artifactKey: Guid(1628825524a3cd34ba4d28c98e2860a0) Importer(815301076,1909f56bfc062723c751e8b465ee728b)
Start importing Assets/Materials/Moon Material.mat using Guid(1628825524a3cd34ba4d28c98e2860a0) Importer(815301076,1909f56bfc062723c751e8b465ee728b)  -> (artifact id: 'a891b3e68a535511e25baf4bf75beb8e') in 0.018294 seconds
  Import took 0.020847 seconds .

========================================================================
Received Prepare
Registering precompiled user dll's ...
Registered in 0.001146 seconds.
Begin MonoManager ReloadAssembly
Native extension for WindowsStandalone target not found
Native extension for WebGL target not found
Refreshing native plugins compatible for Editor in 0.26 ms, found 0 plugins.
Preloading 0 native plugins for Editor in 0.00 ms.
Invoked RoslynAnalysisRunner static constructor.
RoslynAnalysisRunner will not be running.
RoslynAnalysisRunner has terminated.
Mono: successfully reloaded assembly
- Completed reload, in  1.468 seconds
Platform modules already initialized, skipping
Refreshing native plugins compatible for Editor in 0.21 ms, found 0 plugins.
Preloading 0 native plugins for Editor in 0.00 ms.
Unloading 1112 Unused Serialized files (Serialized files now loaded: 0)
System memory in use before: 60.6 MB.
System memory in use after: 60.6 MB.

Unloading 5 unused Assets to reduce memory usage. Loaded Objects now: 1619.
Total: 3.163600 ms (FindLiveObjects: 0.390700 ms CreateObjectMapping: 0.113700 ms MarkObjects: 2.584300 ms  DeleteObjects: 0.072900 ms)

========================================================================
Received Prepare
Registering precompiled user dll's ...
Registered in 0.001705 seconds.
Begin MonoManager ReloadAssembly
Native extension for WindowsStandalone target not found
Native extension for WebGL target not found
Refreshing native plugins compatible for Editor in 0.25 ms, found 0 plugins.
Preloading 0 native plugins for Editor in 0.00 ms.
Invoked RoslynAnalysisRunner static constructor.
RoslynAnalysisRunner will not be running.
RoslynAnalysisRunner has terminated.
Mono: successfully reloaded assembly
- Completed reload, in  1.472 seconds
Platform modules already initialized, skipping
Refreshing native plugins compatible for Editor in 0.38 ms, found 0 plugins.
Preloading 0 native plugins for Editor in 0.00 ms.
Unloading 1112 Unused Serialized files (Serialized files now loaded: 0)
System memory in use before: 60.6 MB.
System memory in use after: 60.7 MB.

Unloading 5 unused Assets to reduce memory usage. Loaded Objects now: 1622.
Total: 3.068900 ms (FindLiveObjects: 0.321400 ms CreateObjectMapping: 0.107100 ms MarkObjects: 2.583000 ms  DeleteObjects: 0.054400 ms)

========================================================================
Received Prepare
Registering precompiled user dll's ...
Registered in 0.002251 seconds.
Begin MonoManager ReloadAssembly
Native extension for WindowsStandalone target not found
Native extension for WebGL target not found
Refreshing native plugins compatible for Editor in 0.40 ms, found 0 plugins.
Preloading 0 native plugins for Editor in 0.00 ms.
Invoked RoslynAnalysisRunner static constructor.
RoslynAnalysisRunner will not be running.
RoslynAnalysisRunner has terminated.
Mono: successfully reloaded assembly
- Completed reload, in  2.030 seconds
Platform modules already initialized, skipping
Refreshing native plugins compatible for Editor in 0.54 ms, found 0 plugins.
Preloading 0 native plugins for Editor in 0.00 ms.
Unloading 1112 Unused Serialized files (Serialized files now loaded: 0)
System memory in use before: 60.6 MB.
System memory in use after: 60.7 MB.

Unloading 5 unused Assets to reduce memory usage. Loaded Objects now: 1625.
Total: 3.314500 ms (FindLiveObjects: 0.356500 ms CreateObjectMapping: 0.157600 ms MarkObjects: 2.742800 ms  DeleteObjects: 0.055600 ms)

========================================================================
Received Import Request.
  Time since last request: 232.751139 seconds.
  path: Assets/Textures
  artifactKey: Guid(7c069841e2d9cb64e927b2ae0bb0ef23) Importer(815301076,1909f56bfc062723c751e8b465ee728b)
Start importing Assets/Textures using Guid(7c069841e2d9cb64e927b2ae0bb0ef23) Importer(815301076,1909f56bfc062723c751e8b465ee728b)  -> (artifact id: 'a0390f23542f4d1647ea7721dcf9a3a1') in 0.008587 seconds
  Import took 0.018951 seconds .

========================================================================
Received Prepare
Registering precompiled user dll's ...
Registered in 0.001155 seconds.
Begin MonoManager ReloadAssembly
Native extension for WindowsStandalone target not found
Native extension for WebGL target not found
Refreshing native plugins compatible for Editor in 0.39 ms, found 0 plugins.
Preloading 0 native plugins for Editor in 0.00 ms.
Invoked RoslynAnalysisRunner static constructor.
RoslynAnalysisRunner will not be running.
RoslynAnalysisRunner has terminated.
Mono: successfully reloaded assembly
- Completed reload, in  1.800 seconds
Platform modules already initialized, skipping
Refreshing native plugins compatible for Editor in 0.27 ms, found 0 plugins.
Preloading 0 native plugins for Editor in 0.00 ms.
Unloading 1112 Unused Serialized files (Serialized files now loaded: 0)
System memory in use before: 60.6 MB.
System memory in use after: 60.7 MB.

Unloading 5 unused Assets to reduce memory usage. Loaded Objects now: 1628.
Total: 2.671200 ms (FindLiveObjects: 0.227300 ms CreateObjectMapping: 0.061400 ms MarkObjects: 2.328700 ms  DeleteObjects: 0.051900 ms)

========================================================================
Received Import Request.
  Time since last request: 90.858312 seconds.
  path: Assets/Comet.prefab
  artifactKey: Guid(fa10a724bb510224e98bf0c66d2d3788) Importer(815301076,1909f56bfc062723c751e8b465ee728b)
Start importing Assets/Comet.prefab using Guid(fa10a724bb510224e98bf0c66d2d3788) Importer(815301076,1909f56bfc062723c751e8b465ee728b)  -> (artifact id: '0a1c34b4f9e2bd139f6da95d6f6d206c') in 0.078954 seconds
  Import took 0.081898 seconds .

========================================================================
Received Import Request.
  Time since last request: 26.761084 seconds.
  path: Assets/Prefap
  artifactKey: Guid(3559b8dd32bfaaa4e80477ab7b68a3ce) Importer(815301076,1909f56bfc062723c751e8b465ee728b)
Start importing Assets/Prefap using Guid(3559b8dd32bfaaa4e80477ab7b68a3ce) Importer(815301076,1909f56bfc062723c751e8b465ee728b)  -> (artifact id: '1a47c334fc1a9a443dcb432c2a899c64') in 0.005183 seconds
  Import took 0.008648 seconds .

========================================================================
Received Import Request.
  Time since last request: 12.081597 seconds.
  path: Assets/Prefaps
  artifactKey: Guid(3559b8dd32bfaaa4e80477ab7b68a3ce) Importer(815301076,1909f56bfc062723c751e8b465ee728b)
Start importing Assets/Prefaps using Guid(3559b8dd32bfaaa4e80477ab7b68a3ce) Importer(815301076,1909f56bfc062723c751e8b465ee728b)  -> (artifact id: '88a64333abe4c3d9107b863dcc72ebad') in 0.006152 seconds
  Import took 0.009225 seconds .

========================================================================
Received Prepare
Registering precompiled user dll's ...
Registered in 0.001600 seconds.
Begin MonoManager ReloadAssembly
Native extension for WindowsStandalone target not found
Native extension for WebGL target not found
Refreshing native plugins compatible for Editor in 0.38 ms, found 0 plugins.
Preloading 0 native plugins for Editor in 0.00 ms.
Invoked RoslynAnalysisRunner static constructor.
RoslynAnalysisRunner will not be running.
RoslynAnalysisRunner has terminated.
Mono: successfully reloaded assembly
- Completed reload, in  1.675 seconds
Platform modules already initialized, skipping
Refreshing native plugins compatible for Editor in 0.38 ms, found 0 plugins.
Preloading 0 native plugins for Editor in 0.00 ms.
Unloading 1112 Unused Serialized files (Serialized files now loaded: 0)
System memory in use before: 60.7 MB.
System memory in use after: 60.7 MB.

Unloading 5 unused Assets to reduce memory usage. Loaded Objects now: 1633.
Total: 3.535500 ms (FindLiveObjects: 0.249400 ms CreateObjectMapping: 0.077600 ms MarkObjects: 3.115900 ms  DeleteObjects: 0.090600 ms)

========================================================================
Received Prepare
Registering precompiled user dll's ...
Registered in 0.002265 seconds.
Begin MonoManager ReloadAssembly
Native extension for WindowsStandalone target not found
Native extension for WebGL target not found
Refreshing native plugins compatible for Editor in 0.39 ms, found 0 plugins.
Preloading 0 native plugins for Editor in 0.00 ms.
Invoked RoslynAnalysisRunner static constructor.
RoslynAnalysisRunner will not be running.
RoslynAnalysisRunner has terminated.
Mono: successfully reloaded assembly
- Completed reload, in  1.950 seconds
Platform modules already initialized, skipping
Refreshing native plugins compatible for Editor in 0.39 ms, found 0 plugins.
Preloading 0 native plugins for Editor in 0.00 ms.
Unloading 1112 Unused Serialized files (Serialized files now loaded: 0)
System memory in use before: 60.6 MB.
System memory in use after: 60.7 MB.

Unloading 5 unused Assets to reduce memory usage. Loaded Objects now: 1636.
Total: 3.142300 ms (FindLiveObjects: 0.285900 ms CreateObjectMapping: 0.084000 ms MarkObjects: 2.717700 ms  DeleteObjects: 0.052200 ms)

========================================================================
Received Import Request.
  Time since last request: 225.416085 seconds.
  path: Assets/Scripts/Spawner.cs
  artifactKey: Guid(315d940c3656ec343b10d7d678508d31) Importer(815301076,1909f56bfc062723c751e8b465ee728b)
Start importing Assets/Scripts/Spawner.cs using Guid(315d940c3656ec343b10d7d678508d31) Importer(815301076,1909f56bfc062723c751e8b465ee728b)  -> (artifact id: 'b72f74a9ef14646570171d4bb4612edf') in 0.016113 seconds
  Import took 0.020967 seconds .

========================================================================
Received Import Request.
  Time since last request: 0.032805 seconds.
  path: Assets/Scripts/Spawner.cs
  artifactKey: Guid(315d940c3656ec343b10d7d678508d31) Importer(815301076,1909f56bfc062723c751e8b465ee728b)
Start importing Assets/Scripts/Spawner.cs using Guid(315d940c3656ec343b10d7d678508d31) Importer(815301076,1909f56bfc062723c751e8b465ee728b)  -> (artifact id: 'b72f74a9ef14646570171d4bb4612edf') in 0.004391 seconds
  Import took 0.006585 seconds .

========================================================================
Received Prepare
Registering precompiled user dll's ...
Registered in 0.001378 seconds.
Begin MonoManager ReloadAssembly
Native extension for WindowsStandalone target not found
Native extension for WebGL target not found
Refreshing native plugins compatible for Editor in 0.22 ms, found 0 plugins.
Preloading 0 native plugins for Editor in 0.00 ms.
Invoked RoslynAnalysisRunner static constructor.
RoslynAnalysisRunner will not be running.
RoslynAnalysisRunner has terminated.
Mono: successfully reloaded assembly
- Completed reload, in  2.106 seconds
Platform modules already initialized, skipping
Refreshing native plugins compatible for Editor in 0.23 ms, found 0 plugins.
Preloading 0 native plugins for Editor in 0.00 ms.
Unloading 1112 Unused Serialized files (Serialized files now loaded: 0)
System memory in use before: 60.7 MB.
System memory in use after: 60.7 MB.

Unloading 5 unused Assets to reduce memory usage. Loaded Objects now: 1639.
Total: 3.445200 ms (FindLiveObjects: 0.567300 ms CreateObjectMapping: 0.129600 ms MarkObjects: 2.665500 ms  DeleteObjects: 0.080600 ms)

========================================================================
Received Prepare
Registering precompiled user dll's ...
Registered in 0.001064 seconds.
Begin MonoManager ReloadAssembly
Native extension for WindowsStandalone target not found
Native extension for WebGL target not found
Refreshing native plugins compatible for Editor in 0.22 ms, found 0 plugins.
Preloading 0 native plugins for Editor in 0.00 ms.
Invoked RoslynAnalysisRunner static constructor.
RoslynAnalysisRunner will not be running.
RoslynAnalysisRunner has terminated.
Mono: successfully reloaded assembly
- Completed reload, in  1.173 seconds
Platform modules already initialized, skipping
Refreshing native plugins compatible for Editor in 0.39 ms, found 0 plugins.
Preloading 0 native plugins for Editor in 0.00 ms.
Unloading 1112 Unused Serialized files (Serialized files now loaded: 0)
System memory in use before: 60.7 MB.
System memory in use after: 60.7 MB.

Unloading 5 unused Assets to reduce memory usage. Loaded Objects now: 1642.
Total: 2.624600 ms (FindLiveObjects: 0.241500 ms CreateObjectMapping: 0.082200 ms MarkObjects: 2.248000 ms  DeleteObjects: 0.051400 ms)

========================================================================
Received Prepare
Refreshing native plugins compatible for Editor in 2.20 ms, found 0 plugins.
Preloading 0 native plugins for Editor in 0.00 ms.
Unloading 3 Unused Serialized files (Serialized files now loaded: 0)
System memory in use before: 38.7 MB.
System memory in use after: 38.8 MB.

Unloading 3 unused Assets to reduce memory usage. Loaded Objects now: 1642.
Total: 3.473700 ms (FindLiveObjects: 0.294000 ms CreateObjectMapping: 0.088600 ms MarkObjects: 2.974300 ms  DeleteObjects: 0.114200 ms)

========================================================================
Received Prepare
Refreshing native plugins compatible for Editor in 2.17 ms, found 0 plugins.
Preloading 0 native plugins for Editor in 0.00 ms.
Unloading 3 Unused Serialized files (Serialized files now loaded: 0)
System memory in use before: 38.7 MB.
System memory in use after: 38.8 MB.

Unloading 3 unused Assets to reduce memory usage. Loaded Objects now: 1642.
Total: 4.887700 ms (FindLiveObjects: 0.373000 ms CreateObjectMapping: 0.109500 ms MarkObjects: 4.314100 ms  DeleteObjects: 0.087900 ms)

========================================================================
Received Prepare
Registering precompiled user dll's ...
Registered in 0.001016 seconds.
Begin MonoManager ReloadAssembly
Native extension for WindowsStandalone target not found
Native extension for WebGL target not found
Refreshing native plugins compatible for Editor in 0.22 ms, found 0 plugins.
Preloading 0 native plugins for Editor in 0.00 ms.
Invoked RoslynAnalysisRunner static constructor.
RoslynAnalysisRunner will not be running.
RoslynAnalysisRunner has terminated.
Mono: successfully reloaded assembly
- Completed reload, in  1.147 seconds
Platform modules already initialized, skipping
Refreshing native plugins compatible for Editor in 0.42 ms, found 0 plugins.
Preloading 0 native plugins for Editor in 0.00 ms.
Unloading 1112 Unused Serialized files (Serialized files now loaded: 0)
System memory in use before: 60.8 MB.
System memory in use after: 60.9 MB.

Unloading 5 unused Assets to reduce memory usage. Loaded Objects now: 1645.
Total: 3.354000 ms (FindLiveObjects: 0.252400 ms CreateObjectMapping: 0.073500 ms MarkObjects: 2.973000 ms  DeleteObjects: 0.053300 ms)

========================================================================
Received Prepare
Refreshing native plugins compatible for Editor in 1.15 ms, found 0 plugins.
Preloading 0 native plugins for Editor in 0.00 ms.
Unloading 3 Unused Serialized files (Serialized files now loaded: 0)
System memory in use before: 38.8 MB.
System memory in use after: 38.9 MB.

Unloading 3 unused Assets to reduce memory usage. Loaded Objects now: 1645.
Total: 2.243200 ms (FindLiveObjects: 0.266400 ms CreateObjectMapping: 0.069300 ms MarkObjects: 1.836600 ms  DeleteObjects: 0.069200 ms)

========================================================================
Received Prepare
Refreshing native plugins compatible for Editor in 2.02 ms, found 0 plugins.
Preloading 0 native plugins for Editor in 0.00 ms.
Unloading 3 Unused Serialized files (Serialized files now loaded: 0)
System memory in use before: 38.8 MB.
System memory in use after: 38.9 MB.

Unloading 3 unused Assets to reduce memory usage. Loaded Objects now: 1645.
Total: 37.158000 ms (FindLiveObjects: 0.242500 ms CreateObjectMapping: 0.070500 ms MarkObjects: 36.717100 ms  DeleteObjects: 0.124800 ms)

AssetImportWorkerClient::OnTransportError - code=2 error=End of file
